1627375654.357659 client started (126055): version 3.2a, socket /tmp/tmux-1000/default, protocol 8
1627375654.357709 on Linux 5.12.12-arch1-1 #1 SMP PREEMPT Fri, 18 Jun 2021 21:59:22 +0000
1627375654.357720 using libevent 2.1.12-stable (poll); ncurses 6.2
1627375654.357755 flags are 0x10010000
1627375654.357763 socket is /tmp/tmux-1000/default
1627375654.357781 trying connect
1627375654.357920 add peer 0x55b2e258ca80: 6 ((nil))
1627375654.358518 sending message 100 to peer 0x55b2e258ca80 (4 bytes)
1627375654.358542 sending message 111 to peer 0x55b2e258ca80 (8 bytes)
1627375654.358551 sending message 101 to peer 0x55b2e258ca80 (12 bytes)
1627375654.358559 sending message 109 to peer 0x55b2e258ca80 (4 bytes)
1627375654.358566 sending message 102 to peer 0x55b2e258ca80 (11 bytes)
1627375654.358574 sending message 108 to peer 0x55b2e258ca80 (23 bytes)
1627375654.358582 sending message 112 to peer 0x55b2e258ca80 (70 bytes)
1627375654.358590 sending message 112 to peer 0x55b2e258ca80 (5 bytes)
1627375654.358597 sending message 112 to peer 0x55b2e258ca80 (6 bytes)
1627375654.358605 sending message 112 to peer 0x55b2e258ca80 (6 bytes)
1627375654.358612 sending message 112 to peer 0x55b2e258ca80 (10 bytes)
1627375654.358619 sending message 112 to peer 0x55b2e258ca80 (13 bytes)
1627375654.358626 sending message 112 to peer 0x55b2e258ca80 (14 bytes)
1627375654.358633 sending message 112 to peer 0x55b2e258ca80 (19 bytes)
1627375654.358640 sending message 112 to peer 0x55b2e258ca80 (11 bytes)
1627375654.358647 sending message 112 to peer 0x55b2e258ca80 (21 bytes)
1627375654.358654 sending message 112 to peer 0x55b2e258ca80 (13 bytes)
1627375654.358661 sending message 112 to peer 0x55b2e258ca80 (7 bytes)
1627375654.358668 sending message 112 to peer 0x55b2e258ca80 (13 bytes)
1627375654.358676 sending message 112 to peer 0x55b2e258ca80 (7 bytes)
1627375654.358684 sending message 112 to peer 0x55b2e258ca80 (13 bytes)
1627375654.358691 sending message 112 to peer 0x55b2e258ca80 (9 bytes)
1627375654.358698 sending message 112 to peer 0x55b2e258ca80 (21 bytes)
1627375654.358705 sending message 112 to peer 0x55b2e258ca80 (13 bytes)
1627375654.358713 sending message 112 to peer 0x55b2e258ca80 (9 bytes)
1627375654.358720 sending message 112 to peer 0x55b2e258ca80 (16 bytes)
1627375654.358727 sending message 112 to peer 0x55b2e258ca80 (13 bytes)
1627375654.358734 sending message 112 to peer 0x55b2e258ca80 (9 bytes)
1627375654.358741 sending message 112 to peer 0x55b2e258ca80 (9 bytes)
1627375654.358749 sending message 112 to peer 0x55b2e258ca80 (12 bytes)
1627375654.358756 sending message 112 to peer 0x55b2e258ca80 (8 bytes)
1627375654.358763 sending message 112 to peer 0x55b2e258ca80 (13 bytes)
1627375654.358770 sending message 112 to peer 0x55b2e258ca80 (7 bytes)
1627375654.358777 sending message 112 to peer 0x55b2e258ca80 (7 bytes)
1627375654.358784 sending message 112 to peer 0x55b2e258ca80 (9 bytes)
1627375654.358790 sending message 112 to peer 0x55b2e258ca80 (6 bytes)
1627375654.358798 sending message 112 to peer 0x55b2e258ca80 (9 bytes)
1627375654.358805 sending message 112 to peer 0x55b2e258ca80 (15 bytes)
1627375654.358812 sending message 112 to peer 0x55b2e258ca80 (13 bytes)
1627375654.358819 sending message 112 to peer 0x55b2e258ca80 (12 bytes)
1627375654.358826 sending message 112 to peer 0x55b2e258ca80 (8 bytes)
1627375654.358834 sending message 112 to peer 0x55b2e258ca80 (14 bytes)
1627375654.358841 sending message 112 to peer 0x55b2e258ca80 (9 bytes)
1627375654.358849 sending message 112 to peer 0x55b2e258ca80 (10 bytes)
1627375654.358856 sending message 112 to peer 0x55b2e258ca80 (10 bytes)
1627375654.358863 sending message 112 to peer 0x55b2e258ca80 (10 bytes)
1627375654.358870 sending message 112 to peer 0x55b2e258ca80 (10 bytes)
1627375654.358877 sending message 112 to peer 0x55b2e258ca80 (11 bytes)
1627375654.358884 sending message 112 to peer 0x55b2e258ca80 (12 bytes)
1627375654.358891 sending message 112 to peer 0x55b2e258ca80 (12 bytes)
1627375654.358899 sending message 112 to peer 0x55b2e258ca80 (12 bytes)
1627375654.358906 sending message 112 to peer 0x55b2e258ca80 (12 bytes)
1627375654.358928 sending message 112 to peer 0x55b2e258ca80 (12 bytes)
1627375654.358936 sending message 112 to peer 0x55b2e258ca80 (11 bytes)
1627375654.358943 sending message 112 to peer 0x55b2e258ca80 (11 bytes)
1627375654.358950 sending message 112 to peer 0x55b2e258ca80 (12 bytes)
1627375654.358957 sending message 112 to peer 0x55b2e258ca80 (12 bytes)
1627375654.358964 sending message 112 to peer 0x55b2e258ca80 (12 bytes)
1627375654.358971 sending message 112 to peer 0x55b2e258ca80 (12 bytes)
1627375654.358978 sending message 112 to peer 0x55b2e258ca80 (12 bytes)
1627375654.358986 sending message 112 to peer 0x55b2e258ca80 (9 bytes)
1627375654.358993 sending message 112 to peer 0x55b2e258ca80 (12 bytes)
1627375654.359000 sending message 112 to peer 0x55b2e258ca80 (13 bytes)
1627375654.359007 sending message 112 to peer 0x55b2e258ca80 (13 bytes)
1627375654.359014 sending message 112 to peer 0x55b2e258ca80 (13 bytes)
1627375654.359021 sending message 112 to peer 0x55b2e258ca80 (13 bytes)
1627375654.359028 sending message 112 to peer 0x55b2e258ca80 (13 bytes)
1627375654.359035 sending message 112 to peer 0x55b2e258ca80 (8 bytes)
1627375654.359042 sending message 112 to peer 0x55b2e258ca80 (11 bytes)
1627375654.359049 sending message 112 to peer 0x55b2e258ca80 (11 bytes)
1627375654.359056 sending message 112 to peer 0x55b2e258ca80 (11 bytes)
1627375654.359063 sending message 112 to peer 0x55b2e258ca80 (12 bytes)
1627375654.359070 sending message 112 to peer 0x55b2e258ca80 (12 bytes)
1627375654.359077 sending message 112 to peer 0x55b2e258ca80 (12 bytes)
1627375654.359084 sending message 112 to peer 0x55b2e258ca80 (12 bytes)
1627375654.359091 sending message 112 to peer 0x55b2e258ca80 (13 bytes)
1627375654.359098 sending message 112 to peer 0x55b2e258ca80 (13 bytes)
1627375654.359105 sending message 112 to peer 0x55b2e258ca80 (13 bytes)
1627375654.359112 sending message 112 to peer 0x55b2e258ca80 (8 bytes)
1627375654.359133 sending message 112 to peer 0x55b2e258ca80 (13 bytes)
1627375654.359136 sending message 112 to peer 0x55b2e258ca80 (13 bytes)
1627375654.359139 sending message 112 to peer 0x55b2e258ca80 (13 bytes)
1627375654.359141 sending message 112 to peer 0x55b2e258ca80 (13 bytes)
1627375654.359144 sending message 112 to peer 0x55b2e258ca80 (13 bytes)
1627375654.359146 sending message 112 to peer 0x55b2e258ca80 (12 bytes)
1627375654.359149 sending message 112 to peer 0x55b2e258ca80 (12 bytes)
1627375654.359151 sending message 112 to peer 0x55b2e258ca80 (12 bytes)
1627375654.359154 sending message 112 to peer 0x55b2e258ca80 (12 bytes)
1627375654.359156 sending message 112 to peer 0x55b2e258ca80 (13 bytes)
1627375654.359159 sending message 112 to peer 0x55b2e258ca80 (8 bytes)
1627375654.359162 sending message 112 to peer 0x55b2e258ca80 (13 bytes)
1627375654.359164 sending message 112 to peer 0x55b2e258ca80 (13 bytes)
1627375654.359167 sending message 112 to peer 0x55b2e258ca80 (13 bytes)
1627375654.359169 sending message 112 to peer 0x55b2e258ca80 (13 bytes)
1627375654.359172 sending message 112 to peer 0x55b2e258ca80 (13 bytes)
1627375654.359174 sending message 112 to peer 0x55b2e258ca80 (13 bytes)
1627375654.359177 sending message 112 to peer 0x55b2e258ca80 (13 bytes)
1627375654.359179 sending message 112 to peer 0x55b2e258ca80 (12 bytes)
1627375654.359182 sending message 112 to peer 0x55b2e258ca80 (12 bytes)
1627375654.359185 sending message 112 to peer 0x55b2e258ca80 (12 bytes)
1627375654.359187 sending message 112 to peer 0x55b2e258ca80 (8 bytes)
1627375654.359190 sending message 112 to peer 0x55b2e258ca80 (12 bytes)
1627375654.359192 sending message 112 to peer 0x55b2e258ca80 (13 bytes)
1627375654.359195 sending message 112 to peer 0x55b2e258ca80 (13 bytes)
1627375654.359197 sending message 112 to peer 0x55b2e258ca80 (13 bytes)
1627375654.359200 sending message 112 to peer 0x55b2e258ca80 (13 bytes)
1627375654.359202 sending message 112 to peer 0x55b2e258ca80 (13 bytes)
1627375654.359204 sending message 112 to peer 0x55b2e258ca80 (13 bytes)
1627375654.359207 sending message 112 to peer 0x55b2e258ca80 (13 bytes)
1627375654.359213 sending message 112 to peer 0x55b2e258ca80 (13 bytes)
1627375654.359215 sending message 112 to peer 0x55b2e258ca80 (12 bytes)
1627375654.359218 sending message 112 to peer 0x55b2e258ca80 (10 bytes)
1627375654.359220 sending message 112 to peer 0x55b2e258ca80 (12 bytes)
1627375654.359223 sending message 112 to peer 0x55b2e258ca80 (12 bytes)
1627375654.359225 sending message 112 to peer 0x55b2e258ca80 (12 bytes)
1627375654.359228 sending message 112 to peer 0x55b2e258ca80 (13 bytes)
1627375654.359230 sending message 112 to peer 0x55b2e258ca80 (13 bytes)
1627375654.359233 sending message 112 to peer 0x55b2e258ca80 (13 bytes)
1627375654.359235 sending message 112 to peer 0x55b2e258ca80 (13 bytes)
1627375654.359238 sending message 112 to peer 0x55b2e258ca80 (13 bytes)
1627375654.359240 sending message 112 to peer 0x55b2e258ca80 (13 bytes)
1627375654.359243 sending message 112 to peer 0x55b2e258ca80 (13 bytes)
1627375654.359245 sending message 112 to peer 0x55b2e258ca80 (10 bytes)
1627375654.359248 sending message 112 to peer 0x55b2e258ca80 (13 bytes)
1627375654.359250 sending message 112 to peer 0x55b2e258ca80 (12 bytes)
1627375654.359253 sending message 112 to peer 0x55b2e258ca80 (12 bytes)
1627375654.359255 sending message 112 to peer 0x55b2e258ca80 (12 bytes)
1627375654.359258 sending message 112 to peer 0x55b2e258ca80 (10 bytes)
1627375654.359260 sending message 112 to peer 0x55b2e258ca80 (10 bytes)
1627375654.359262 sending message 112 to peer 0x55b2e258ca80 (10 bytes)
1627375654.359265 sending message 112 to peer 0x55b2e258ca80 (12 bytes)
1627375654.359267 sending message 112 to peer 0x55b2e258ca80 (13 bytes)
1627375654.359270 sending message 112 to peer 0x55b2e258ca80 (13 bytes)
1627375654.359272 sending message 112 to peer 0x55b2e258ca80 (13 bytes)
1627375654.359275 sending message 112 to peer 0x55b2e258ca80 (13 bytes)
1627375654.359277 sending message 112 to peer 0x55b2e258ca80 (13 bytes)
1627375654.359280 sending message 112 to peer 0x55b2e258ca80 (10 bytes)
1627375654.359282 sending message 112 to peer 0x55b2e258ca80 (11 bytes)
1627375654.359285 sending message 112 to peer 0x55b2e258ca80 (12 bytes)
1627375654.359287 sending message 112 to peer 0x55b2e258ca80 (12 bytes)
1627375654.359290 sending message 112 to peer 0x55b2e258ca80 (12 bytes)
1627375654.359292 sending message 112 to peer 0x55b2e258ca80 (12 bytes)
1627375654.359295 sending message 112 to peer 0x55b2e258ca80 (12 bytes)
1627375654.359297 sending message 112 to peer 0x55b2e258ca80 (11 bytes)
1627375654.359300 sending message 112 to peer 0x55b2e258ca80 (12 bytes)
1627375654.359302 sending message 112 to peer 0x55b2e258ca80 (12 bytes)
1627375654.359305 sending message 112 to peer 0x55b2e258ca80 (13 bytes)
1627375654.359307 sending message 112 to peer 0x55b2e258ca80 (13 bytes)
1627375654.359310 sending message 112 to peer 0x55b2e258ca80 (13 bytes)
1627375654.359312 sending message 112 to peer 0x55b2e258ca80 (13 bytes)
1627375654.359315 sending message 112 to peer 0x55b2e258ca80 (13 bytes)
1627375654.359317 sending message 112 to peer 0x55b2e258ca80 (10 bytes)
1627375654.359320 sending message 112 to peer 0x55b2e258ca80 (9 bytes)
1627375654.359323 sending message 112 to peer 0x55b2e258ca80 (12 bytes)
1627375654.359325 sending message 112 to peer 0x55b2e258ca80 (13 bytes)
1627375654.359328 sending message 112 to peer 0x55b2e258ca80 (13 bytes)
1627375654.359330 sending message 112 to peer 0x55b2e258ca80 (13 bytes)
1627375654.359333 sending message 112 to peer 0x55b2e258ca80 (13 bytes)
1627375654.359335 sending message 112 to peer 0x55b2e258ca80 (13 bytes)
1627375654.359338 sending message 112 to peer 0x55b2e258ca80 (9 bytes)
1627375654.359340 sending message 112 to peer 0x55b2e258ca80 (12 bytes)
1627375654.359343 sending message 112 to peer 0x55b2e258ca80 (13 bytes)
1627375654.359345 sending message 112 to peer 0x55b2e258ca80 (13 bytes)
1627375654.359348 sending message 112 to peer 0x55b2e258ca80 (13 bytes)
1627375654.359350 sending message 112 to peer 0x55b2e258ca80 (13 bytes)
1627375654.359353 sending message 112 to peer 0x55b2e258ca80 (13 bytes)
1627375654.359358 sending message 112 to peer 0x55b2e258ca80 (11 bytes)
1627375654.359360 sending message 112 to peer 0x55b2e258ca80 (12 bytes)
1627375654.359363 sending message 112 to peer 0x55b2e258ca80 (13 bytes)
1627375654.359365 sending message 112 to peer 0x55b2e258ca80 (13 bytes)
1627375654.359368 sending message 112 to peer 0x55b2e258ca80 (13 bytes)
1627375654.359370 sending message 112 to peer 0x55b2e258ca80 (13 bytes)
1627375654.359372 sending message 112 to peer 0x55b2e258ca80 (13 bytes)
1627375654.359375 sending message 112 to peer 0x55b2e258ca80 (11 bytes)
1627375654.359377 sending message 112 to peer 0x55b2e258ca80 (12 bytes)
1627375654.359380 sending message 112 to peer 0x55b2e258ca80 (12 bytes)
1627375654.359382 sending message 112 to peer 0x55b2e258ca80 (12 bytes)
1627375654.359384 sending message 112 to peer 0x55b2e258ca80 (12 bytes)
1627375654.359387 sending message 112 to peer 0x55b2e258ca80 (12 bytes)
1627375654.359391 sending message 112 to peer 0x55b2e258ca80 (12 bytes)
1627375654.359393 sending message 112 to peer 0x55b2e258ca80 (9 bytes)
1627375654.359396 sending message 112 to peer 0x55b2e258ca80 (6 bytes)
1627375654.359398 sending message 112 to peer 0x55b2e258ca80 (13 bytes)
1627375654.359401 sending message 112 to peer 0x55b2e258ca80 (10 bytes)
1627375654.359403 sending message 112 to peer 0x55b2e258ca80 (15 bytes)
1627375654.359406 sending message 112 to peer 0x55b2e258ca80 (11 bytes)
1627375654.359408 sending message 112 to peer 0x55b2e258ca80 (70 bytes)
1627375654.359411 sending message 112 to peer 0x55b2e258ca80 (69 bytes)
1627375654.359413 sending message 112 to peer 0x55b2e258ca80 (34 bytes)
1627375654.359415 sending message 112 to peer 0x55b2e258ca80 (34 bytes)
1627375654.359418 sending message 112 to peer 0x55b2e258ca80 (12 bytes)
1627375654.359420 sending message 112 to peer 0x55b2e258ca80 (10 bytes)
1627375654.359423 sending message 112 to peer 0x55b2e258ca80 (10 bytes)
1627375654.359425 sending message 112 to peer 0x55b2e258ca80 (15 bytes)
1627375654.359428 sending message 112 to peer 0x55b2e258ca80 (11 bytes)
1627375654.359431 sending message 112 to peer 0x55b2e258ca80 (10 bytes)
1627375654.359434 sending message 112 to peer 0x55b2e258ca80 (10 bytes)
1627375654.359437 sending message 112 to peer 0x55b2e258ca80 (10 bytes)
1627375654.359439 sending message 112 to peer 0x55b2e258ca80 (5 bytes)
1627375654.359441 sending message 112 to peer 0x55b2e258ca80 (9 bytes)
1627375654.359444 sending message 112 to peer 0x55b2e258ca80 (15 bytes)
1627375654.359447 sending message 104 to peer 0x55b2e258ca80 (0 bytes)
1627375654.359450 sending message 110 to peer 0x55b2e258ca80 (0 bytes)
1627375654.359453 sending message 107 to peer 0x55b2e258ca80 (4 bytes)
1627375654.359455 sending message 105 to peer 0x55b2e258ca80 (23 bytes)
1627375654.359458 sending message 105 to peer 0x55b2e258ca80 (21 bytes)
1627375654.359460 sending message 105 to peer 0x55b2e258ca80 (19 bytes)
1627375654.359463 sending message 105 to peer 0x55b2e258ca80 (29 bytes)
1627375654.359465 sending message 105 to peer 0x55b2e258ca80 (37 bytes)
1627375654.359468 sending message 105 to peer 0x55b2e258ca80 (19 bytes)
1627375654.359470 sending message 105 to peer 0x55b2e258ca80 (12 bytes)
1627375654.359474 sending message 105 to peer 0x55b2e258ca80 (24 bytes)
1627375654.359476 sending message 105 to peer 0x55b2e258ca80 (14 bytes)
1627375654.359479 sending message 105 to peer 0x55b2e258ca80 (24 bytes)
1627375654.359481 sending message 105 to peer 0x55b2e258ca80 (20 bytes)
1627375654.359484 sending message 105 to peer 0x55b2e258ca80 (17 bytes)
1627375654.359486 sending message 105 to peer 0x55b2e258ca80 (18 bytes)
1627375654.359488 sending message 105 to peer 0x55b2e258ca80 (21 bytes)
1627375654.359491 sending message 105 to peer 0x55b2e258ca80 (24 bytes)
1627375654.359493 sending message 105 to peer 0x55b2e258ca80 (45 bytes)
1627375654.359496 sending message 105 to peer 0x55b2e258ca80 (14 bytes)
1627375654.359498 sending message 105 to peer 0x55b2e258ca80 (27 bytes)
1627375654.359501 sending message 105 to peer 0x55b2e258ca80 (20 bytes)
1627375654.359506 sending message 105 to peer 0x55b2e258ca80 (21 bytes)
1627375654.359508 sending message 105 to peer 0x55b2e258ca80 (20 bytes)
1627375654.359510 sending message 105 to peer 0x55b2e258ca80 (20 bytes)
1627375654.359513 sending message 105 to peer 0x55b2e258ca80 (20 bytes)
1627375654.359517 sending message 105 to peer 0x55b2e258ca80 (54 bytes)
1627375654.359519 sending message 105 to peer 0x55b2e258ca80 (55 bytes)
1627375654.359522 sending message 105 to peer 0x55b2e258ca80 (11 bytes)
1627375654.359524 sending message 105 to peer 0x55b2e258ca80 (50 bytes)
1627375654.359526 sending message 105 to peer 0x55b2e258ca80 (70 bytes)
1627375654.359529 sending message 105 to peer 0x55b2e258ca80 (125 bytes)
1627375654.359532 sending message 105 to peer 0x55b2e258ca80 (18 bytes)
1627375654.359534 sending message 105 to peer 0x55b2e258ca80 (42 bytes)
1627375654.359537 sending message 105 to peer 0x55b2e258ca80 (47 bytes)
1627375654.359539 sending message 105 to peer 0x55b2e258ca80 (23 bytes)
1627375654.359542 sending message 105 to peer 0x55b2e258ca80 (18 bytes)
1627375654.359544 sending message 105 to peer 0x55b2e258ca80 (7 bytes)
1627375654.359547 sending message 105 to peer 0x55b2e258ca80 (8 bytes)
1627375654.359549 sending message 105 to peer 0x55b2e258ca80 (15 bytes)
1627375654.359552 sending message 105 to peer 0x55b2e258ca80 (32 bytes)
1627375654.359556 sending message 105 to peer 0x55b2e258ca80 (1519 bytes)
1627375654.359572 sending message 105 to peer 0x55b2e258ca80 (28 bytes)
1627375654.359575 sending message 105 to peer 0x55b2e258ca80 (15 bytes)
1627375654.359578 sending message 105 to peer 0x55b2e258ca80 (34 bytes)
1627375654.359580 sending message 105 to peer 0x55b2e258ca80 (10 bytes)
1627375654.359583 sending message 105 to peer 0x55b2e258ca80 (12 bytes)
1627375654.359585 sending message 105 to peer 0x55b2e258ca80 (11 bytes)
1627375654.359588 sending message 105 to peer 0x55b2e258ca80 (291 bytes)
1627375654.359591 sending message 105 to peer 0x55b2e258ca80 (27 bytes)
1627375654.359593 sending message 105 to peer 0x55b2e258ca80 (19 bytes)
1627375654.359596 sending message 105 to peer 0x55b2e258ca80 (8 bytes)
1627375654.359599 sending message 105 to peer 0x55b2e258ca80 (23 bytes)
1627375654.359601 sending message 105 to peer 0x55b2e258ca80 (17 bytes)
1627375654.359604 sending message 105 to peer 0x55b2e258ca80 (33 bytes)
1627375654.359606 sending message 105 to peer 0x55b2e258ca80 (18 bytes)
1627375654.359609 sending message 105 to peer 0x55b2e258ca80 (26 bytes)
1627375654.359611 sending message 105 to peer 0x55b2e258ca80 (36 bytes)
1627375654.359614 sending message 105 to peer 0x55b2e258ca80 (13 bytes)
1627375654.359616 sending message 105 to peer 0x55b2e258ca80 (12 bytes)
1627375654.359619 sending message 105 to peer 0x55b2e258ca80 (18 bytes)
1627375654.359621 sending message 105 to peer 0x55b2e258ca80 (13 bytes)
1627375654.359624 sending message 105 to peer 0x55b2e258ca80 (36 bytes)
1627375654.359626 sending message 105 to peer 0x55b2e258ca80 (31 bytes)
1627375654.359629 sending message 105 to peer 0x55b2e258ca80 (15 bytes)
1627375654.359631 sending message 105 to peer 0x55b2e258ca80 (23 bytes)
1627375654.359634 sending message 105 to peer 0x55b2e258ca80 (17 bytes)
1627375654.359637 sending message 105 to peer 0x55b2e258ca80 (21 bytes)
1627375654.359639 sending message 105 to peer 0x55b2e258ca80 (11 bytes)
1627375654.359642 sending message 105 to peer 0x55b2e258ca80 (28 bytes)
1627375654.359644 sending message 105 to peer 0x55b2e258ca80 (20 bytes)
1627375654.359647 sending message 105 to peer 0x55b2e258ca80 (16 bytes)
1627375654.359649 sending message 105 to peer 0x55b2e258ca80 (10 bytes)
1627375654.359652 sending message 106 to peer 0x55b2e258ca80 (0 bytes)
1627375654.359661 sending message 200 to peer 0x55b2e258ca80 (4 bytes)
1627375654.359664 client loop enter
1627375654.361518 peer 0x55b2e258ca80 message 303
1627375654.361530 open write file 2 -
1627375654.361538 sending message 305 to peer 0x55b2e258ca80 (8 bytes)
1627375654.361547 write check file 2
1627375654.361666 peer 0x55b2e258ca80 message 304
1627375654.361672 write 58 to file 2
1627375654.361676 peer 0x55b2e258ca80 message 203
1627375654.361679 file 2 58 bytes left
1627375654.361692 write check file 2
1627375654.361694 client loop exit
